<?xml version="1.0" encoding="UTF-8"?>
<testng-results skipped="0" failed="0" ignored="0" total="1" passed="1">
  <reporter-output>
  </reporter-output>
  <suite name="Default suite" duration-ms="13570" started-at="2019-10-31T15:54:54Z" finished-at="2019-10-31T15:55:08Z">
    <groups>
    </groups>
    <test name="Default test" duration-ms="13570" started-at="2019-10-31T15:54:54Z" finished-at="2019-10-31T15:55:08Z">
      <class name="com.project.TestNGProject.TC_003">
        <test-method status="PASS" signature="startprocess()[pri:0, instance:com.project.TestNGProject.TC_003@7ce6a65d]" name="startprocess" is-config="true" duration-ms="8052" started-at="2019-10-31T15:54:54Z" finished-at="2019-10-31T15:55:02Z">
          <reporter-output>
          </reporter-output>
        </test-method> <!-- startprocess -->
        <test-method status="PASS" signature="amazon()[pri:0, instance:com.project.TestNGProject.TC_003@7ce6a65d]" name="amazon" duration-ms="4238" started-at="2019-10-31T15:55:02Z" finished-at="2019-10-31T15:55:07Z">
          <reporter-output>
          </reporter-output>
        </test-method> <!-- amazon -->
        <test-method status="PASS" signature="endProcess()[pri:0, instance:com.project.TestNGProject.TC_003@7ce6a65d]" name="endProcess" is-config="true" duration-ms="1240" started-at="2019-10-31T15:55:07Z" finished-at="2019-10-31T15:55:08Z">
          <reporter-output>
          </reporter-output>
        </test-method> <!-- endProcess -->
      </class> <!-- com.project.TestNGProject.TC_003 -->
    </test> <!-- Default test -->
  </suite> <!-- Default suite -->
</testng-results>
